<?xml version="1.0" encoding="UTF-8"?>
<testng-results ignored="0" total="2" passed="2" failed="0" skipped="0">
  <reporter-output>
  </reporter-output>
  <suite started-at="2022-12-27T01:25:34 CET" name="Suite" finished-at="2022-12-27T01:30:28 CET" duration-ms="293768">
    <groups>
    </groups>
    <test started-at="2022-12-27T01:25:34 CET" name="Test2" finished-at="2022-12-27T01:30:28 CET" duration-ms="293703">
      <class name="com.automationtesting.AddRemoveItemBasketTest">
        <test-method is-config="true" signature="setup()[pri:0, instance:com.automationtesting.AddRemoveItemBasketTest@73e22a3d]" started-at="2022-12-27T01:25:35 CET" name="setup" finished-at="2022-12-27T01:30:09 CET" duration-ms="273625" status="PASS">
          <reporter-output>
          </reporter-output>
        </test-method> <!-- setup -->
        <test-method signature="addRemoveItem()[pri:0, instance:com.automationtesting.AddRemoveItemBasketTest@73e22a3d]" started-at="2022-12-27T01:30:09 CET" name="addRemoveItem" finished-at="2022-12-27T01:30:24 CET" duration-ms="15157" status="PASS">
          <reporter-output>
          </reporter-output>
        </test-method> <!-- addRemoveItem -->
        <test-method is-config="true" signature="tearDown()[pri:0, instance:com.automationtesting.AddRemoveItemBasketTest@73e22a3d]" started-at="2022-12-27T01:30:24 CET" name="tearDown" finished-at="2022-12-27T01:30:28 CET" duration-ms="4174" status="PASS">
          <reporter-output>
          </reporter-output>
        </test-method> <!-- tearDown -->
      </class> <!-- com.automationtesting.AddRemoveItemBasketTest -->
    </test> <!-- Test2 -->
    <test started-at="2022-12-27T01:25:34 CET" name="Test" finished-at="2022-12-27T01:30:28 CET" duration-ms="293768">
      <class name="com.automationtesting.OrderCompleteTest">
        <test-method is-config="true" signature="setup()[pri:0, instance:com.automationtesting.OrderCompleteTest@247d8ae]" started-at="2022-12-27T01:25:35 CET" name="setup" finished-at="2022-12-27T01:26:18 CET" duration-ms="42519" status="PASS">
          <reporter-output>
          </reporter-output>
        </test-method> <!-- setup -->
        <test-method signature="endToEndTest()[pri:0, instance:com.automationtesting.OrderCompleteTest@247d8ae]" started-at="2022-12-27T01:26:18 CET" name="endToEndTest" finished-at="2022-12-27T01:29:31 CET" duration-ms="192195" status="PASS">
          <reporter-output>
          </reporter-output>
        </test-method> <!-- endToEndTest -->
        <test-method is-config="true" signature="tearDown()[pri:0, instance:com.automationtesting.OrderCompleteTest@247d8ae]" started-at="2022-12-27T01:29:31 CET" name="tearDown" finished-at="2022-12-27T01:30:28 CET" duration-ms="57524" status="PASS">
          <reporter-output>
          </reporter-output>
        </test-method> <!-- tearDown -->
      </class> <!-- com.automationtesting.OrderCompleteTest -->
    </test> <!-- Test -->
  </suite> <!-- Suite -->
</testng-results>
